INFO:telethon.network.mtprotosender:Connecting to 149.154.167.51:443/TcpFull...
INFO:telethon.network.mtprotosender:Connection to 149.154.167.51:443/TcpFull complete!
INFO:telethon.client.users:Phone migrated to 4
INFO:telethon.client.telegrambaseclient:Reconnecting to new data center 4
INFO:telethon.network.mtprotosender:Disconnecting from 149.154.167.51:443/TcpFull...
INFO:telethon.network.mtprotosender:Disconnection from 149.154.167.51:443/TcpFull complete!
INFO:telethon.network.mtprotosender:Connecting to 149.154.167.91:443/TcpFull...
INFO:telethon.network.mtprotosender:Connection to 149.154.167.91:443/TcpFull complete!
INFO:__main__:Bot started!
WARNING:telethon.client.updates:Cannot get difference since the account is likely misusing the session: attempt to write a readonly database
INFO:telethon.network.mtprotosender:Disconnecting from 149.154.167.91:443/TcpFull...
INFO:telethon.network.mtprotosender:Disconnection from 149.154.167.91:443/TcpFull complete!
ERROR:telethon.client.telegrambaseclient:Unhandled exception from keepalive_handle after cancelling <class '_asyncio.Task'> (<Task finished name='Task-13' coro=<UpdateMethods._keepalive_loop() done, defined at /usr/local/lib/python3.12/dist-packages/telethon/client/updates.py:516> exception=OperationalError('attempt to write a readonly database')>)
Traceback (most recent call last):
  File "/usr/local/lib/python3.12/dist-packages/telethon/helpers.py", line 176, in _cancel
    await task
  File "/usr/local/lib/python3.12/dist-packages/telethon/client/updates.py", line 552, in _keepalive_loop
    await self._save_states_and_entities()
  File "/usr/local/lib/python3.12/dist-packages/telethon/client/telegrambaseclient.py", line 709, in _save_states_and_entities
    self.session.process_entities(
  File "/usr/local/lib/python3.12/dist-packages/telethon/sessions/sqlite.py", line 318, in process_entities
    c.executemany(
sqlite3.OperationalError: attempt to write a readonly database
ERROR:asyncio:Task exception was never retrieved
future: <Task finished name='Task-16' coro=<TelegramBaseClient._disconnect_coro() done, defined at /usr/local/lib/python3.12/dist-packages/telethon/client/telegrambaseclient.py:724> exception=OperationalError('attempt to write a readonly database')>
Traceback (most recent call last):
  File "/usr/local/lib/python3.12/dist-packages/telethon/client/telegrambaseclient.py", line 754, in _disconnect_coro
    await self._save_states_and_entities()
  File "/usr/local/lib/python3.12/dist-packages/telethon/client/telegrambaseclient.py", line 709, in _save_states_and_entities
    self.session.process_entities(
  File "/usr/local/lib/python3.12/dist-packages/telethon/sessions/sqlite.py", line 318, in process_entities
    c.executemany(
sqlite3.OperationalError: attempt to write a readonly database
INFO:telethon.network.mtprotosender:Not disconnecting (already have no connection)
ERROR:telethon.client.telegrambaseclient:Unhandled exception from keepalive_handle after cancelling <class '_asyncio.Task'> (<Task finished name='Task-13' coro=<UpdateMethods._keepalive_loop() done, defined at /usr/local/lib/python3.12/dist-packages/telethon/client/updates.py:516> exception=OperationalError('attempt to write a readonly database')>)
Traceback (most recent call last):
  File "/usr/local/lib/python3.12/dist-packages/telethon/helpers.py", line 176, in _cancel
    await task
sqlite3.OperationalError: attempt to write a readonly database
Traceback (most recent call last):
  File "/usr/local/lib/python3.12/dist-packages/telethon/client/updates.py", line 47, in _run_until_disconnected
    raise self._updates_error
  File "/usr/local/lib/python3.12/dist-packages/telethon/client/updates.py", line 317, in _update_loop
    diff = await self(get_diff)
           ^^^^^^^^^^^^^^^^^^^^
  File "/usr/local/lib/python3.12/dist-packages/telethon/client/users.py", line 30, in __call__
    return await self._call(self._sender, request, ordered=ordered)
           ^^^^^^^^^^^^^^^^^^^^^^^^^^^^^^^^^^^^^^^^^^^^^^^^^^^^^^^^
  File "/usr/local/lib/python3.12/dist-packages/telethon/client/users.py", line 93, in _call
    await utils.maybe_async(self.session.process_entities(result))
                            ^^^^^^^^^^^^^^^^^^^^^^^^^^^^^^^^^^^^^
  File "/usr/local/lib/python3.12/dist-packages/telethon/sessions/sqlite.py", line 318, in process_entities
    c.executemany(
sqlite3.OperationalError: attempt to write a readonly database

During handling of the above exception, another exception occurred:

Traceback (most recent call last):
  File "/root/combo_bot/bot.py", line 685, in <module>
    await event.edit(text, buttons=[[Button.inline("🔙 Back", data="back_to_menu")]])
    ^^^^^^^^^^^^^^^^^^^^^^^^^^^^^^^^^^^
  File "/usr/lib/python3.12/asyncio/base_events.py", line 687, in run_until_complete
    return future.result()
           ^^^^^^^^^^^^^^^
  File "/root/combo_bot/bot.py", line 682, in main
    for country, count in sorted(stats['by_country'].items(), key=lambda x: -x[1])[:10]:
    ^^^^^^^^^^^^^^^^^^^^^^^^^^^^^^^^^^
  File "/usr/local/lib/python3.12/dist-packages/telethon/client/updates.py", line 52, in _run_until_disconnected
    await self.disconnect()
  File "/usr/local/lib/python3.12/dist-packages/telethon/client/telegrambaseclient.py", line 754, in _disconnect_coro
    await self._save_states_and_entities()
  File "/usr/local/lib/python3.12/dist-packages/telethon/client/telegrambaseclient.py", line 709, in _save_states_and_entities
    self.session.process_entities(
  File "/usr/local/lib/python3.12/dist-packages/telethon/sessions/sqlite.py", line 318, in process_entities
    c.executemany(
sqlite3.OperationalError: attempt to write a readonly database
